2022-12-18 19:43:04|   0.0|  0.0|INFORM|Current FME version: FME 2022.2.1.0 (20221202 - Build 22776 - WIN64)
2022-12-18 19:43:04|   0.0|  0.0|INFORM|FME_HOME is 'C:\Program Files\FME\'
2022-12-18 19:43:04|   0.0|  0.0|INFORM|FME Trial Edition (node locked-crc)
2022-12-18 19:43:04|   0.0|  0.0|INFORM|Serial Number: 0
2022-12-18 19:43:04|   0.0|  0.0|INFORM|Temporary License: 8 days left.
2022-12-18 19:43:04|   0.0|  0.0|INFORM|Machine host name is: DESKTOP-NIL9CR6
2022-12-18 19:43:04|   0.0|  0.0|INFORM|OS Locale Name     : pl_PL
2022-12-18 19:43:04|   0.0|  0.0|INFORM|OS Locale Encoding : windows-1250
2022-12-18 19:43:04|   0.0|  0.0|INFORM|Process Encoding   : UTF-8
2022-12-18 19:43:04|   0.0|  0.0|INFORM|FME API version: '4.0 20220615'
2022-12-18 19:43:04|   0.0|  0.0|INFORM|FME Configuration: FME_BASE is 'no'
2022-12-18 19:43:04|   0.0|  0.0|INFORM|FME Configuration: FME_MF_DIR is 'C:\Studia\Bazy danych\Bazy_danych_II_Pawel_Dela/'
2022-12-18 19:43:04|   0.0|  0.0|INFORM|FME Configuration: FME_MF_NAME is 'zadanie_8.fmw'
2022-12-18 19:43:04|   0.0|  0.0|INFORM|FME Configuration: FME_PRODUCT_NAME is 'FME(R) 2022.2.1.0'
2022-12-18 19:43:04|   0.0|  0.0|INFORM|Operating System: Microsoft Windows 10 64-bit  (Build 19044)
2022-12-18 19:43:04|   0.0|  0.0|INFORM|FME Platform: WIN64
2022-12-18 19:43:04|   0.0|  0.0|INFORM|System Status: 202.98 GB of disk space available in the FME temporary folder (C:\Users\Pdela\AppData\Local\Temp\wbrun_1671383369108_11896\fmetmp_19)
2022-12-18 19:43:04|   0.0|  0.0|INFORM|System Status: 15.88 GB of physical memory available
2022-12-18 19:43:04|   0.0|  0.0|INFORM|System Status: 63.50 GB of virtual memory available
2022-12-18 19:43:04|   0.0|  0.0|INFORM|START - ProcessID: 15428, peak process memory usage: 70356 kB, current process memory usage: 70356 kB
2022-12-18 19:43:04|   0.0|  0.0|INFORM|FME Configuration: Command line arguments are `C:\Program Files\FME\fme.exe' `C:/Studia/Bazy danych/Bazy_danych_II_Pawel_Dela\wb-xlate-1671388981886_11896' `LOG_STANDARDOUT' `YES' `LOG_TIMINGS' `YES' `LogCountServerName' `51994' `LOG_STANDARDOUT' `No' `WORKBENCH_LOG_SERVER' `51886'
2022-12-18 19:43:04|   0.0|  0.0|INFORM|FME Configuration: Connection Storage: 'C:\Users\Pdela\AppData\Roaming\Safe Software\FME\'
2022-12-18 19:43:04|   0.0|  0.0|INFORM|Shared folders for formats are : C:\Program Files\FME\datasources;C:\Users\Pdela\Documents\FME\Formats
2022-12-18 19:43:04|   0.0|  0.0|INFORM|Shared folders for transformers are : C:\Users\Pdela\AppData\Roaming\Safe Software\FME\Packages\22776-win64\transformers;C:\Program Files\FME\transformers
2022-12-18 19:43:04|   0.0|  0.0|INFORM|Shared folders for coordinate systems are : C:\Users\Pdela\Documents\FME\CoordinateSystems
2022-12-18 19:43:04|   0.0|  0.0|INFORM|Shared folders for coordinate system exceptions are : C:\Users\Pdela\Documents\FME\CoordinateSystemExceptions
2022-12-18 19:43:04|   0.0|  0.0|INFORM|Shared folders for coordinate system grid overrides are : C:\Users\Pdela\Documents\FME\CoordinateSystemGridOverrides
2022-12-18 19:43:04|   0.0|  0.0|INFORM|Shared folders for CS-MAP transformation exceptions are : C:\Users\Pdela\Documents\FME\CsmapTransformationExceptions
2022-12-18 19:43:04|   0.0|  0.0|INFORM|Shared folders for transformer categories are : C:\Users\Pdela\Documents\FME\TransformerCategories
2022-12-18 19:43:04|   0.0|  0.0|INFORM|FME Configuration: Reader Keyword is `MULTI_READER'
2022-12-18 19:43:04|   0.0|  0.0|INFORM|FME Configuration: Writer Keyword is `MULTI_WRITER'
2022-12-18 19:43:04|   0.0|  0.0|INFORM|FME Configuration: Writer Group Definition Keyword is `MULTI_WRITER_DEF'
2022-12-18 19:43:04|   0.0|  0.0|INFORM|FME Configuration: Reader type is `MULTI_READER'
2022-12-18 19:43:04|   0.0|  0.0|INFORM|FME Configuration: Writer type is `MULTI_WRITER'
2022-12-18 19:43:04|   0.0|  0.0|INFORM|FME Configuration: No destination coordinate system set
2022-12-18 19:43:04|   0.0|  0.0|INFORM|FME Configuration: Current working folder is `C:\Studia\Bazy danych\Bazy_danych_II_Pawel_Dela'
2022-12-18 19:43:04|   0.0|  0.0|INFORM|FME Configuration: Temporary folder is `C:\Users\Pdela\AppData\Local\Temp\wbrun_1671383369108_11896\fmetmp_19', set from environment variable `FME_TEMP'
2022-12-18 19:43:04|   0.0|  0.0|INFORM|FME Configuration: Cache folder is 'C:\Users\Pdela\AppData\Local\Temp'
2022-12-18 19:43:04|   0.0|  0.0|INFORM|FME Configuration: FME_HOME is `C:\Program Files\FME\'
2022-12-18 19:43:04|   0.0|  0.0|INFORM|FME Configuration: Start freeing memory when the process exceeds 47.63 GB
2022-12-18 19:43:04|   0.0|  0.0|INFORM|FME Configuration: Stop freeing memory when the process is below 35.72 GB
2022-12-18 19:43:04|   0.0|  0.0|INFORM|Creating writer for format: 
2022-12-18 19:43:04|   0.0|  0.0|INFORM|Creating reader for format: 
2022-12-18 19:43:04|   0.0|  0.0|INFORM|MULTI_READER(MULTI_READER): Will fail with first member reader failure
2022-12-18 19:43:04|   0.0|  0.0|INFORM|Using Multi Reader with keyword `MULTI_READER' to read multiple datasets
2022-12-18 19:43:04|   0.0|  0.0|INFORM|Using MultiWriter with keyword `MULTI_WRITER' to output data (ID_ATTRIBUTE is `multi_writer_id')
2022-12-18 19:43:04|   0.0|  0.0|INFORM|Writer output will be ordered by value of multi_writer_id
2022-12-18 19:43:04|   0.0|  0.0|INFORM|Loaded module 'LogCount_func' from file 'C:\Program Files\FME\plugins/LogCount_func.dll'
2022-12-18 19:43:04|   0.0|  0.0|INFORM|FME API version of module 'LogCount_func' matches current internal version (4.0 20220615)
2022-12-18 19:43:04|   0.0|  0.0|INFORM|FME Configuration: Using FME Reprojection Engine
2022-12-18 19:43:04|   0.0|  0.0|INFORM|Loaded module 'InspectorFactory' from file 'C:\Program Files\FME\plugins/InspectorFactory.dll'
2022-12-18 19:43:04|   0.0|  0.0|INFORM|FME API version of module 'InspectorFactory' matches current internal version (4.0 20220615)
2022-12-18 19:43:05|   0.0|  0.0|INFORM|Loaded module 'StatisticsCalculatorFactory' from file 'C:\Program Files\FME\plugins/StatisticsCalculatorFactory.dll'
2022-12-18 19:43:05|   0.0|  0.0|INFORM|FME API version of module 'StatisticsCalculatorFactory' matches current internal version (4.0 20220615)
2022-12-18 19:43:05|   0.0|  0.0|INFORM|StatisticsCalculator_2 (StatisticsCalculatorFactory): The following statistics will be calculated '_total_cost.min,_total_cost.max,_total_cost.total_count,_total_cost.sum,_total_cost.mean,_total_cost.median'
2022-12-18 19:43:05|   0.0|  0.0|INFORM|StatisticsCalculator (StatisticsCalculatorFactory): The following statistics will be calculated '_total_cost.min,_total_cost.max,_total_cost.total_count,_total_cost.sum,_total_cost.mean,_total_cost.median'
2022-12-18 19:43:05|   0.0|  0.0|INFORM|Emptying factory pipeline
2022-12-18 19:43:05|   0.0|  0.0|STATS |Router and Unexpected Input Remover (RoutingFactory): Tested 0 input feature(s), wrote 0 output feature(s): 0 matched merge filters, 0 were routed to output, 0 could not be routed.
2022-12-18 19:43:05|   0.0|  0.0|STATS |Unwanted Router Input Nuker (TeeFactory): Cloned 0 input feature(s) into 0 output feature(s)
2022-12-18 19:43:05|   0.0|  0.0|STATS |T2019_KAR_POI_TABLE_SHAPEFILE_1 Splitter (TeeFactory): Cloned 0 input feature(s) into 0 output feature(s)
2022-12-18 19:43:05|   0.0|  0.0|STATS |T2019_KAR_STREET_NODE_SHAPEFILE_1 Splitter (TeeFactory): Cloned 0 input feature(s) into 0 output feature(s)
2022-12-18 19:43:05|   0.0|  0.0|STATS |T2019_KAR_STREETS_SHAPEFILE_1 Splitter (TeeFactory): Cloned 0 input feature(s) into 0 output feature(s)
2022-12-18 19:43:05|   0.0|  0.0|STATS |CSV_CSV2_1 Splitter (TeeFactory): Cloned 0 input feature(s) into 0 output feature(s)
2022-12-18 19:43:05|   0.0|  0.0|STATS |Restoring 1 feature(s) from FME feature store file `C:\Users\Pdela\AppData\Local\Temp\wb-cache--yqjNsO\Main_T2019_KAR_POI_TABLE -1 17 -1  0  fe8f5203f0871edfac963e2cdf0c3ca521911eae.ffs'
2022-12-18 19:43:05|   0.0|  0.0|INFORM|CS-MAP Reprojector: Transformation will be automatically selected for 'LL-WGS84' -> 'DHDN.Berlin/Cassini', and is not guaranteed to remain the same in future releases of FME
2022-12-18 19:43:05|   0.0|  0.0|INFORM|Reprojector: Using transformation `ETRS89/01_to_WGS84,Inverse(Geocentric)' when reprojecting from LL-WGS84 to DHDN.Berlin/Cassini
2022-12-18 19:43:05|   0.0|  0.0|INFORM|Reprojector: Using transformation `DHDN_to_ETRS89/01_8_ntv2_BeTA2007_FME,Inverse(Grid File Interpolation,EPSG:15948)' when reprojecting from LL-WGS84 to DHDN.Berlin/Cassini
2022-12-18 19:43:05|   0.0|  0.0|INFORM|Reprojector:`DHDN_to_ETRS89/01_8_ntv2_BeTA2007_FME,Inverse(Grid File Interpolation,EPSG:15948)' will use the following grid shift files:
2022-12-18 19:43:05|   0.0|  0.0|INFORM|Reprojector:     C:\Program Files\FME\Reproject\EsriPEGridData\ntv2\germany\BeTA2007.gsb
2022-12-18 19:43:05|   0.0|  0.0|INFORM|Reprojector: If a point is outside the usable range of 'DHDN_to_ETRS89/01_8_ntv2_BeTA2007_FME' the following fallback transformation will be used: 'DHDN_to_WGS84,Inverse(Seven Parameter,EPSG:1673)'
2022-12-18 19:43:05|   0.0|  0.0|INFORM|FFS writer: Writing 3622 feature(s) to file 'C:\Users\Pdela\AppData\Local\Temp\wb-cache--yqjNsO\Main_Reprojector_6 -1 54 fo 0 REPROJECTED  0  526d95d6418c2b532d7e9e7ff21b3c8a25307758.fts'
2022-12-18 19:43:05|   0.0|  0.0|INFORM|Spatial Index: Adding 3622 features
2022-12-18 19:43:05|   0.0|  0.0|STATS |Reprojector_6 (TeeFactory): Cloned 3622 input feature(s) into 3622 output feature(s)
2022-12-18 19:43:05|   0.0|  0.0|WARN  |SpatialFilter_2 (SpatialFilterFactory): 'Filter Type' 'Multiple Filters' was specified, but no 'Filter' features were input. All 'Candidate' features FAILED
2022-12-18 19:43:05|   0.4|  0.4|WARN  |... Last line repeated 3621 times ...
2022-12-18 19:43:05|   0.4|  0.0|INFORM|FFS writer: Writing 3622 feature(s) to file 'C:\Users\Pdela\AppData\Local\Temp\wb-cache--yqjNsO\Main_SpatialFilter_2 -1 52 fo 1 FAILED  0  78fcad824db997f759d2e00d316e9a7a8ea30c14.fts'
2022-12-18 19:43:05|   0.4|  0.0|INFORM|Spatial Index: Adding 3622 features
2022-12-18 19:43:05|   0.4|  0.0|STATS |SpatialFilter_2 (SpatialFilterFactory): Total: Processed 3622 input feature(s): 0 'Filter' feature(s) and 3622 'Candidate' feature(s). 0 feature(s) PASSED
2022-12-18 19:43:05|   0.4|  0.0|STATS |Restoring 1 feature(s) from FME feature store file `C:\Users\Pdela\AppData\Local\Temp\wb-cache--yqjNsO\Main_Reprojector_5 -1 31 fo 0 REPROJECTED  0  0fbfd494e3a94a929791dd332fda8069b189ac93.ffs'
2022-12-18 19:43:05|   0.4|  0.0|WARN  |SpatialFilter_4 (SpatialFilterFactory): 'Filter Type' 'Multiple Filters' was specified, but no 'Filter' features were input. All 'Candidate' features FAILED
2022-12-18 19:43:11|   6.1|  5.7|WARN  |... Last line repeated 66403 times ...
2022-12-18 19:43:11|   6.1|  0.0|INFORM|FFS writer: Writing 66404 feature(s) to file 'C:\Users\Pdela\AppData\Local\Temp\wb-cache--yqjNsO\Main_SpatialFilter_4 -1 65 fo 1 FAILED  0  a7bcb4261a2ca514a95d7281e4ce80f0840ec00c.fts'
2022-12-18 19:43:11|   6.2|  0.1|INFORM|Spatial Index: Adding 66404 features
2022-12-18 19:43:11|   6.2|  0.0|INFORM|SpatialFilter_4 (SpatialFilterFactory): Processed 'Candidate' 1 / 66404
2022-12-18 19:43:11|   6.2|  0.0|STATS |SpatialFilter_4 (SpatialFilterFactory): Total: Processed 66404 input feature(s): 0 'Filter' feature(s) and 66404 'Candidate' feature(s). 0 feature(s) PASSED
2022-12-18 19:43:11|   6.2|  0.0|STATS |SpatialFilter_4 PASSED Splitter (TeeFactory): Cloned 0 input feature(s) into 0 output feature(s)
2022-12-18 19:43:11|   6.2|  0.0|STATS |LengthCalculator_2_LengthCalculatorInput (TeeFactory): Cloned 0 input feature(s) into 0 output feature(s)
2022-12-18 19:43:11|   6.2|  0.0|STATS |LengthCalculator_2_LengthCalculator (TeeFactory): Cloned 0 input feature(s) into 0 output feature(s)
2022-12-18 19:43:11|   6.2|  0.0|STATS |LengthCalculator_2_Rejector (TestFactory): Tested 0 input feature(s) -- 0 feature(s) passed and 0 feature(s) failed
2022-12-18 19:43:11|   6.2|  0.0|INFORM|StatisticsCalculator_2 (StatisticsCalculatorFactory): Processing complete
2022-12-18 19:43:11|   6.2|  0.0|STATS |Restoring 1 feature(s) from FME feature store file `C:\Users\Pdela\AppData\Local\Temp\wb-cache--yqjNsO\Main_Reprojector_3 -1 29 fo 0 REPROJECTED  0  254aae8e724d45c583935f4d2d994481071347e0.ffs'
2022-12-18 19:43:11|   6.2|  0.0|WARN  |SpatialFilter (SpatialFilterFactory): 'Filter Type' 'Multiple Filters' was specified, but no 'Filter' features were input. All 'Candidate' features FAILED
2022-12-18 19:43:11|   6.5|  0.3|WARN  |... Last line repeated 3621 times ...
2022-12-18 19:43:11|   6.5|  0.0|INFORM|FFS writer: Writing 3622 feature(s) to file 'C:\Users\Pdela\AppData\Local\Temp\wb-cache--yqjNsO\Main_SpatialFilter -1 47 fo 1 FAILED  0  6d5eaa63608624ca81e6d3d9f499a4bb1da19e5b.fts'
2022-12-18 19:43:11|   6.5|  0.0|INFORM|Spatial Index: Adding 3622 features
2022-12-18 19:43:11|   6.5|  0.0|INFORM|SpatialFilter (SpatialFilterFactory): Processed 'Candidate' 1 / 3622
2022-12-18 19:43:11|   6.5|  0.0|STATS |SpatialFilter (SpatialFilterFactory): Total: Processed 3622 input feature(s): 0 'Filter' feature(s) and 3622 'Candidate' feature(s). 0 feature(s) PASSED
2022-12-18 19:43:11|   6.5|  0.0|STATS |Restoring 1 feature(s) from FME feature store file `C:\Users\Pdela\AppData\Local\Temp\wb-cache--yqjNsO\Main_Reprojector_5 -1 31 fo 0 REPROJECTED  0  0fbfd494e3a94a929791dd332fda8069b189ac93.ffs'
2022-12-18 19:43:11|   6.5|  0.0|WARN  |SpatialFilter_3 (SpatialFilterFactory): 'Filter Type' 'Multiple Filters' was specified, but no 'Filter' features were input. All 'Candidate' features FAILED
2022-12-18 19:43:17|  12.4|  5.9|WARN  |... Last line repeated 66403 times ...
2022-12-18 19:43:17|  12.4|  0.0|INFORM|FFS writer: Writing 66404 feature(s) to file 'C:\Users\Pdela\AppData\Local\Temp\wb-cache--yqjNsO\Main_SpatialFilter_3 -1 62 fo 1 FAILED  0  3fb27a6bc2033b349093372589a6fe421622e8fe.fts'
2022-12-18 19:43:17|  12.4|  0.0|INFORM|Spatial Index: Adding 66404 features
2022-12-18 19:43:17|  12.5|  0.1|INFORM|SpatialFilter_3 (SpatialFilterFactory): Processed 'Candidate' 1 / 66404
2022-12-18 19:43:17|  12.5|  0.0|STATS |SpatialFilter_3 (SpatialFilterFactory): Total: Processed 66404 input feature(s): 0 'Filter' feature(s) and 66404 'Candidate' feature(s). 0 feature(s) PASSED
2022-12-18 19:43:17|  12.5|  0.0|STATS |SpatialFilter_3 PASSED Splitter (TeeFactory): Cloned 0 input feature(s) into 0 output feature(s)
2022-12-18 19:43:17|  12.5|  0.0|INFORM|StatisticsCalculator (StatisticsCalculatorFactory): Processing complete
2022-12-18 19:43:17|  12.5|  0.0|STATS |LengthCalculator_LengthCalculatorInput (TeeFactory): Cloned 0 input feature(s) into 0 output feature(s)
2022-12-18 19:43:17|  12.5|  0.0|STATS |LengthCalculator_LengthCalculator (TeeFactory): Cloned 0 input feature(s) into 0 output feature(s)
2022-12-18 19:43:17|  12.5|  0.0|STATS |LengthCalculator_Rejector (TestFactory): Tested 0 input feature(s) -- 0 feature(s) passed and 0 feature(s) failed
2022-12-18 19:43:17|  12.6|  0.1|STATS |Destination Feature Type Routing Correlator (RoutingFactory): Tested 0 input feature(s), wrote 0 output feature(s): 0 matched merge filters, 0 were routed to output, 0 could not be routed.
2022-12-18 19:43:17|  12.6|  0.0|STATS |Final Output Nuker (TeeFactory): Cloned 0 input feature(s) into 0 output feature(s)
2022-12-18 19:43:17|  12.6|  0.0|STATS |VisualizerProcessor (CreationFactory): Created 1 features
2022-12-18 19:43:17|  12.6|  0.0|STATS |VisualizerCleaner (TeeFactory): Cloned 1 input feature(s) into 0 output feature(s)
2022-12-18 19:43:17|  12.6|  0.0|STATS |=-=-=-=-=-=-=-=-=-=-=-=-=-=-=-=-=-=-=-=-=-=-=-=-=-=-=-=-=-=-=-=-=-=-=-=-=-=-=-
2022-12-18 19:43:17|  12.6|  0.0|STATS |                            Features Read Summary
2022-12-18 19:43:17|  12.6|  0.0|STATS |=-=-=-=-=-=-=-=-=-=-=-=-=-=-=-=-=-=-=-=-=-=-=-=-=-=-=-=-=-=-=-=-=-=-=-=-=-=-=-
2022-12-18 19:43:17|  12.6|  0.0|STATS |==============================================================================
2022-12-18 19:43:17|  12.6|  0.0|STATS |Total Features Read                                                          0
2022-12-18 19:43:17|  12.6|  0.0|STATS |=-=-=-=-=-=-=-=-=-=-=-=-=-=-=-=-=-=-=-=-=-=-=-=-=-=-=-=-=-=-=-=-=-=-=-=-=-=-=-
2022-12-18 19:43:17|  12.6|  0.0|STATS |=-=-=-=-=-=-=-=-=-=-=-=-=-=-=-=-=-=-=-=-=-=-=-=-=-=-=-=-=-=-=-=-=-=-=-=-=-=-=-
2022-12-18 19:43:17|  12.6|  0.0|STATS |                           Features Written Summary
2022-12-18 19:43:17|  12.6|  0.0|STATS |=-=-=-=-=-=-=-=-=-=-=-=-=-=-=-=-=-=-=-=-=-=-=-=-=-=-=-=-=-=-=-=-=-=-=-=-=-=-=-
2022-12-18 19:43:17|  12.6|  0.0|STATS |==============================================================================
2022-12-18 19:43:17|  12.6|  0.0|STATS |Total Features Written                                                       0
2022-12-18 19:43:17|  12.6|  0.0|STATS |=-=-=-=-=-=-=-=-=-=-=-=-=-=-=-=-=-=-=-=-=-=-=-=-=-=-=-=-=-=-=-=-=-=-=-=-=-=-=-
2022-12-18 19:43:17|  12.6|  0.0|WARN  |-~-~-~-~-~-~-~-~-~-~-~-~-~-~-~-~-~-~-~-~-~-~-~-~-~-~-~-~-~-~-~-~-~-~-~-~-~-~-~-~-
2022-12-18 19:43:17|  12.6|  0.0|WARN  |-~                                                                             ~-
2022-12-18 19:43:17|  12.6|  0.0|WARN  |-~    Feature caches have been recorded at every stage of the translation.     ~-
2022-12-18 19:43:17|  12.6|  0.0|WARN  |-~                      To inspect the recorded features,                      ~-
2022-12-18 19:43:17|  12.6|  0.0|WARN  |-~              click the feature cache icons next to the ports.               ~-
2022-12-18 19:43:17|  12.6|  0.0|WARN  |-~                                                                             ~-
2022-12-18 19:43:17|  12.6|  0.0|WARN  |-~-~-~-~-~-~-~-~-~-~-~-~-~-~-~-~-~-~-~-~-~-~-~-~-~-~-~-~-~-~-~-~-~-~-~-~-~-~-~-~-
2022-12-18 19:43:17|  12.6|  0.0|INFORM|Translation was SUCCESSFUL with 140059 warning(s) (0 feature(s) output)
2022-12-18 19:43:17|  12.6|  0.0|INFORM|FME Session Duration: 13.1 seconds. (CPU: 0.6s user, 12.0s system)
2022-12-18 19:43:17|  12.6|  0.0|INFORM|END - ProcessID: 15428, peak process memory usage: 125832 kB, current process memory usage: 84908 kB
